<?xml version="1.0" encoding="UTF-8"?>
<testsuite name="CliRunnerTests" tests="5" skipped="0" failures="0" errors="0" timestamp="2021-03-17T08:08:41" hostname="ricebowl" time="0.05">
  <properties/>
  <testcase name="twoInvalidCliArguments()" classname="CliRunnerTests" time="0.04"/>
  <testcase name="singleValidCliArgument()" classname="CliRunnerTests" time="0.002"/>
  <testcase name="twoValidCliArguments()" classname="CliRunnerTests" time="0.001"/>
  <testcase name="tooManyCliArguments()" classname="CliRunnerTests" time="0.002"/>
  <testcase name="noCliArguments()" classname="CliRunnerTests" time="0.001"/>
  <system-out><![CDATA[Error while invoking jhg: Second argument must be a number!
Intended usage: java -jar jhg.jar <URL> <OPTIONAL: RECURSION_DEPTH; default value=2>
Examples: 
java -jar jhg.jar https://www.google.at 2
java -jar jhg.jar https://www.google.at

Error while invoking jhg: Unexpected number of arguments!
Intended usage: java -jar jhg.jar <URL> <OPTIONAL: RECURSION_DEPTH; default value=2>
Examples: 
java -jar jhg.jar https://www.google.at 2
java -jar jhg.jar https://www.google.at

Error while invoking jhg: Unexpected number of arguments!
Intended usage: java -jar jhg.jar <URL> <OPTIONAL: RECURSION_DEPTH; default value=2>
Examples: 
java -jar jhg.jar https://www.google.at 2
java -jar jhg.jar https://www.google.at

]]></system-out>
  <system-err><![CDATA[]]></system-err>
</testsuite>
