<?xml version="1.0" encoding="UTF-8"?>
<testsuite name="HtmlGrabberTests" tests="2" skipped="0" failures="0" errors="0" timestamp="2021-03-22T20:01:00" hostname="ricebowl" time="1.212">
  <properties/>
  <testcase name="invalidUrl()" classname="HtmlGrabberTests" time="1.091"/>
  <testcase name="testDefaultRecursionLevel()" classname="HtmlGrabberTests" time="0.119"/>
  <system-out><![CDATA[]]></system-out>
  <system-err><![CDATA[]]></system-err>
</testsuite>
