<?xml version="1.0" encoding="UTF-8"?>
<testsuite name="HtmlGrabberTests" tests="4" skipped="0" failures="0" errors="0" timestamp="2021-03-24T08:18:14" hostname="ricebowl" time="0.607">
  <properties/>
  <testcase name="invalidUrl()" classname="HtmlGrabberTests" time="0.4"/>
  <testcase name="testDefaultRecursionLevel()" classname="HtmlGrabberTests" time="0.063"/>
  <testcase name="testWordCountEnglishText()" classname="HtmlGrabberTests" time="0.053"/>
  <testcase name="testWordCountGermanText()" classname="HtmlGrabberTests" time="0.087"/>
  <system-out><![CDATA[]]></system-out>
  <system-err><![CDATA[]]></system-err>
</testsuite>
