<?xml version="1.0" encoding="UTF-8"?>
<testsuite name="HtmlGrabberTests" tests="4" skipped="0" failures="0" errors="0" timestamp="2021-03-26T14:30:12" hostname="ricebowl" time="0.377">
  <properties/>
  <testcase name="invalidUrl()" classname="HtmlGrabberTests" time="0.209"/>
  <testcase name="testLinkContent()" classname="HtmlGrabberTests" time="0.056"/>
  <testcase name="testDefaultRecursionLevel()" classname="HtmlGrabberTests" time="0.061"/>
  <testcase name="testLinkCount()" classname="HtmlGrabberTests" time="0.047"/>
  <system-out><![CDATA[]]></system-out>
  <system-err><![CDATA[]]></system-err>
</testsuite>
