<?xml version="1.0" encoding="UTF-8"?>
<testsuite name="VideoCountTests" tests="1" skipped="0" failures="0" errors="0" timestamp="2021-03-25T21:00:40" hostname="ricebowl" time="0.94">
  <properties/>
  <testcase name="videoCountNoRecursion()" classname="VideoCountTests" time="0.94"/>
  <system-out><![CDATA[]]></system-out>
  <system-err><![CDATA[]]></system-err>
</testsuite>
