<?xml version="1.0" encoding="UTF-8"?>
<testsuite name="HtmlGrabberTests" tests="4" skipped="0" failures="0" errors="0" timestamp="2021-03-25T17:52:04" hostname="ricebowl" time="0.663">
  <properties/>
  <testcase name="invalidUrl()" classname="HtmlGrabberTests" time="0.453"/>
  <testcase name="testLinkContent()" classname="HtmlGrabberTests" time="0.081"/>
  <testcase name="testDefaultRecursionLevel()" classname="HtmlGrabberTests" time="0.061"/>
  <testcase name="testLinkCount()" classname="HtmlGrabberTests" time="0.064"/>
  <system-out><![CDATA[]]></system-out>
  <system-err><![CDATA[]]></system-err>
</testsuite>
