<?xml version="1.0" encoding="UTF-8"?>
<testsuite name="ImageCountTests" tests="3" skipped="0" failures="0" errors="0" timestamp="2021-03-25T21:19:31" hostname="ricebowl" time="8.513">
  <properties/>
  <testcase name="imageCountRecursion1()" classname="ImageCountTests" time="8.036"/>
  <testcase name="imageCountNoRecursion()" classname="ImageCountTests" time="0.433"/>
  <testcase name="imageCountNoRecursionNoImages()" classname="ImageCountTests" time="0.042"/>
  <system-out><![CDATA[]]></system-out>
  <system-err><![CDATA[]]></system-err>
</testsuite>
