<?xml version="1.0" encoding="UTF-8"?>
<testsuite name="WordCountTests" tests="5" skipped="0" failures="0" errors="0" timestamp="2021-03-25T20:22:51" hostname="ricebowl" time="3.136">
  <properties/>
  <testcase name="wordCountEnglishTextDepthZero()" classname="WordCountTests" time="0.219"/>
  <testcase name="wordCountGermanTextDepthZero()" classname="WordCountTests" time="0.1"/>
  <testcase name="wordCountRecursive1()" classname="WordCountTests" time="1.904"/>
  <testcase name="wordCountEnglishTextDepthZero2()" classname="WordCountTests" time="0.111"/>
  <testcase name="wordCountEnglishTextDepthZero3()" classname="WordCountTests" time="0.794"/>
  <system-out><![CDATA[]]></system-out>
  <system-err><![CDATA[]]></system-err>
</testsuite>
